Input System module state changed to: Initialized.
[Physics::Module] Initialized fallback backend.
[Physics::Module] Id: 0xdecafbad
Initialize engine version: 6000.0.48f1 (170d2541580d)
[Subsystems] Discovering subsystems at path D:/SteamLibrary/steamapps/common/manosaba_game/manosaba_Data/UnitySubsystems
kGfxThreadingModeSplitJobs is not supported on Direct3D 11. Reverting to kGfxThreadingModeClientWorkerJobs instead.
GfxDevice: creating device client; kGfxThreadingModeClientWorkerJobs
Direct3D:
    Version:  Direct3D 11.0 [level 11.1]
    Renderer: NVIDIA GeForce RTX 3060 (ID=0x2504)
    Vendor:   NVIDIA
    VRAM:     12115 MB
    Driver:   32.0.15.8097
[Physics::Module] Selected backend.
[Physics::Module] Name: PhysX
[Physics::Module] Id: 0xf2b8ea05
[Physics::Module] SDK Version: 4.1.2
[Physics::Module] Integration Version: 1.0.0
[Physics::Module] Threading Mode: Multi-Threaded
ERROR: Shader Hidden/Universal Render Pipeline/DBufferClear shader is not supported on this GPU (none of subshaders/fallbacks are suitable)
<RI> Initializing input.
Using Windows.Gaming.Input
<RI> Initialized touch support.
UnloadTime: 0.273800 ms
RenderGraph is now enabled.
UnityEngine.DebugLogHandler:Internal_Log(LogType, LogOption, String, Object)
UnityEngine.DebugLogHandler:LogFormat(LogType, Object, String, Object[])
UnityEngine.Logger:Log(LogType, Object)
UnityEngine.Debug:Log(Object)
UnityEngine.Rendering.Universal.UniversalRenderPipeline:.ctor(UniversalRenderPipelineAsset)
UnityEngine.Rendering.Universal.UniversalRenderPipelineAsset:CreatePipeline()
UnityEngine.Rendering.RenderPipelineAsset:InternalCreatePipeline()
UnityEngine.Rendering.RenderPipelineManager:TryPrepareRenderPipeline(RenderPipelineAsset)
UnityEngine.Rendering.RenderPipelineManager:DoRenderLoop_Internal(RenderPipelineAsset, IntPtr, Object)

Naninovel script 'Act01_Chapter02/Act01_Chapter02_Trial05' at line #599.0: Failed to destroy spawned object 'MaskingRectangle-Front': the object is not found.
UnityEngine.DebugLogHandler:Internal_Log(LogType, LogOption, String, Object)
UnityEngine.DebugLogHandler:LogFormat(LogType, Object, String, Object[])
UnityEngine.Logger:Log(LogType, Object)
UnityEngine.Debug:LogWarning(Object)
GigaCreation.NaninovelExtender.ExtendedSpawn.DestroySpawnedExtended:Warn(String)
GigaCreation.NaninovelExtender.ExtendedSpawn.<Destroy>d__4:MoveNext()
Naninovel.Async.CompilerServices.AsyncUniTaskMethodBuilder`1:Start(TStateMachine&)
GigaCreation.NaninovelExtender.ExtendedSpawn.DestroySpawnedExtended:Destroy(AsyncToken)
Naninovel.<WaitOrForget>d__35:MoveNext()
Naninovel.Async.CompilerServices.AsyncUniTaskMethodBuilder`1:Start(TStateMachine&)
Naninovel.Command:WaitOrForget(Func`2, BooleanParameter, AsyncToken)
Naninovel.Commands.DestroySpawned:Execute(AsyncToken)
Naninovel.<ExecuteIgnoringCancellation>d__125:MoveNext()
Naninovel.Async.CompilerServices.AsyncUniTaskMethodBuilder`1:Start(TStateMachine&)
Naninovel.ScriptPlayer:ExecuteIgnoringCancellation(Command, AsyncToken)
Naninovel.<ExecutePlayedCommand>d__124:MoveNext()
Naninovel.Async.CompilerServices.AsyncUniTaskMethodBuilder`1:Start(TStateMachine&)
Naninovel.ScriptPlayer:ExecutePlayedCommand(AsyncToken)
Naninovel.<PlayRoutine>d__126:MoveNext()
Naninovel.Async.CompilerServices.MoveNextRunner`1:Run()
Naninovel.<WaitForWaitForInputDisabled>d__122:MoveNext()
Naninovel.Async.CompilerServices.MoveNextRunner`1:Run()
Naninovel.ScriptPlayer:SetWaitingForInputEnabled(Boolean)
Naninovel.<<SampleObjectTriggers>g__ActivateInputDelayed|43_0>d:MoveNext()
Naninovel.Async.CompilerServices.MoveNextRunner`1:Run()
Naninovel.Async.Internal.ReusablePromise`1:TryInvokeContinuation()
Naninovel.Async.Internal.ReusablePromise`1:TrySetResult(T)
Naninovel.DelayFramePromise:MoveNext()
Naninovel.Async.Internal.PlayerLoopRunner:RunCore()

Unrecognized 'EmaLayeredPrefab' layered actor composition expression: 'ArmR2'.
UnityEngine.DebugLogHandler:Internal_Log(LogType, LogOption, String, Object)
UnityEngine.DebugLogHandler:LogFormat(LogType, Object, String, Object[])
UnityEngine.Logger:Log(LogType, Object)
UnityEngine.Debug:LogWarning(Object)
Naninovel.LayeredActorBehaviour:<ApplyComposition>g__ApplyExpression|39_1(String)
Naninovel.LayeredActorBehaviour:<ApplyComposition>g__SplitAndApplyExpressions|39_0(String)
Naninovel.LayeredActorBehaviour:ApplyComposition(String)
Naninovel.<ChangeAppearance>d__23:MoveNext()
Naninovel.Async.CompilerServices.AsyncUniTaskMethodBuilder`1:Start(TStateMachine&)
Naninovel.LayeredActor`2:ChangeAppearance(String, Tween, Nullable`1, AsyncToken)
GigaCreation.NaninovelExtender.ExtendedActors.<ApplyAppearanceModification>d__16:MoveNext()
Naninovel.Async.CompilerServices.AsyncUniTaskMethodBuilder`1:Start(TStateMachine&)
GigaCreation.NaninovelExtender.ExtendedActors.ModifyCharacterExtended:ApplyAppearanceModification(ICharacterActor, Tween, AsyncToken)
Naninovel.Commands.<ApplyModifications>d__60:MoveNext()
Naninovel.Async.CompilerServices.AsyncUniTaskMethodBuilder`1:Start(TStateMachine&)
Naninovel.Commands.ModifyActor`5:ApplyModifications(TActor, EasingType, AsyncToken)
Naninovel.Commands.<ApplyModifications>d__15:MoveNext()
Naninovel.Async.CompilerServices.AsyncUniTaskMethodBuilder`1:Start(TStateMachine&)
Naninovel.Commands.ModifyCharacter:ApplyModifications(ICharacterActor, EasingType, AsyncToken)
GigaCreation.NaninovelExtender.ExtendedActors.<Modify>d__15:MoveNext()
Naninovel.Async.CompilerServices.AsyncUniTaskMethodBuilder`1:Start(TStateMachine&)
GigaCreation.NaninovelExtender.ExtendedActors.ModifyCharacterExtended:Modify(AsyncToken)
Naninovel.<WaitOrForget>d__35:MoveNext()
Naninovel.Async.CompilerServices.AsyncUniTaskMethodBuilder`1:Start(TStateMachine&)
Naninovel.Command:WaitOrForget(Func`2, BooleanParameter, AsyncToken)
Naninovel.Commands.<Execute>d__58:MoveNext()
Naninovel.Async.CompilerServices.AsyncUniTaskMethodBuilder`1:Start(TStateMachine&)
Naninovel.Commands.ModifyActor`5:Execute(AsyncToken)
Naninovel.<ExecuteIgnoringCancellation>d__125:MoveNext()
Naninovel.Async.CompilerServices.AsyncUniTaskMethodBuilder`1:Start(TStateMachine&)
Naninovel.ScriptPlayer:ExecuteIgnoringCancellation(Command, AsyncToken)
Naninovel.<ExecutePlayedCommand>d__124:MoveNext()
Naninovel.Async.CompilerServices.AsyncUniTaskMethodBuilder`1:Start(TStateMachine&)
Naninovel.ScriptPlayer:ExecutePlayedCommand(AsyncToken)
Naninovel.<PlayRoutine>d__126:MoveNext()
Naninovel.Async.CompilerServices.MoveNextRunner`1:Run()
Naninovel.<WaitForWaitForInputDisabled>d__122:MoveNext()
Naninovel.Async.CompilerServices.MoveNextRunner`1:Run()
Naninovel.ScriptPlayer:SetWaitingForInputEnabled(Boolean)
Naninovel.<<SampleObjectTriggers>g__ActivateInputDelayed|43_0>d:MoveNext()
Naninovel.Async.CompilerServices.MoveNextRunner`1:Run()
Naninovel.Async.Internal.ReusablePromise`1:TryInvokeContinuation()
Naninovel.Async.Internal.ReusablePromise`1:TrySetResult(T)
Naninovel.DelayFramePromise:MoveNext()
Naninovel.Async.Internal.PlayerLoopRunner:RunCore()

'EmaLayeredPrefab' layered actor layer 'Eyes_Angry_Open02' inside composition group 'Angle01/Facial/Eyes' not found.
UnityEngine.DebugLogHandler:Internal_Log(LogType, LogOption, String, Object)
UnityEngine.DebugLogHandler:LogFormat(LogType, Object, String, Object[])
UnityEngine.Logger:Log(LogType, Object)
UnityEngine.Debug:LogWarning(Object)
Naninovel.LayeredActorBehaviour:<ApplyComposition>g__ApplyExpression|39_1(String)
Naninovel.LayeredActorBehaviour:<ApplyComposition>g__SplitAndApplyExpressions|39_0(String)
Naninovel.LayeredActorBehaviour:ApplyComposition(String)
Naninovel.<ChangeAppearance>d__23:MoveNext()
Naninovel.Async.CompilerServices.AsyncUniTaskMethodBuilder`1:Start(TStateMachine&)
Naninovel.LayeredActor`2:ChangeAppearance(String, Tween, Nullable`1, AsyncToken)
GigaCreation.NaninovelExtender.ExtendedActors.<ApplyAppearanceModification>d__16:MoveNext()
Naninovel.Async.CompilerServices.AsyncUniTaskMethodBuilder`1:Start(TStateMachine&)
GigaCreation.NaninovelExtender.ExtendedActors.ModifyCharacterExtended:ApplyAppearanceModification(ICharacterActor, Tween, AsyncToken)
Naninovel.Commands.<ApplyModifications>d__60:MoveNext()
Naninovel.Async.CompilerServices.AsyncUniTaskMethodBuilder`1:Start(TStateMachine&)
Naninovel.Commands.ModifyActor`5:ApplyModifications(TActor, EasingType, AsyncToken)
Naninovel.Commands.<ApplyModifications>d__15:MoveNext()
Naninovel.Async.CompilerServices.AsyncUniTaskMethodBuilder`1:Start(TStateMachine&)
Naninovel.Commands.ModifyCharacter:ApplyModifications(ICharacterActor, EasingType, AsyncToken)
GigaCreation.NaninovelExtender.ExtendedActors.<Modify>d__15:MoveNext()
Naninovel.Async.CompilerServices.AsyncUniTaskMethodBuilder`1:Start(TStateMachine&)
GigaCreation.NaninovelExtender.ExtendedActors.ModifyCharacterExtended:Modify(AsyncToken)
Naninovel.<WaitOrForget>d__35:MoveNext()
Naninovel.Async.CompilerServices.AsyncUniTaskMethodBuilder`1:Start(TStateMachine&)
Naninovel.Command:WaitOrForget(Func`2, BooleanParameter, AsyncToken)
Naninovel.Commands.<Execute>d__58:MoveNext()
Naninovel.Async.CompilerServices.AsyncUniTaskMethodBuilder`1:Start(TStateMachine&)
Naninovel.Commands.ModifyActor`5:Execute(AsyncToken)
Naninovel.<ExecuteIgnoringCancellation>d__125:MoveNext()
Naninovel.Async.CompilerServices.AsyncUniTaskMethodBuilder`1:Start(TStateMachine&)
Naninovel.ScriptPlayer:ExecuteIgnoringCancellation(Command, AsyncToken)
Naninovel.<ExecutePlayedCommand>d__124:MoveNext()
Naninovel.Async.CompilerServices.AsyncUniTaskMethodBuilder`1:Start(TStateMachine&)
Naninovel.ScriptPlayer:ExecutePlayedCommand(AsyncToken)
Naninovel.<PlayRoutine>d__126:MoveNext()
Naninovel.Async.CompilerServices.MoveNextRunner`1:Run()
Naninovel.<WaitForWaitForInputDisabled>d__122:MoveNext()
Naninovel.Async.CompilerServices.MoveNextRunner`1:Run()
Naninovel.ScriptPlayer:SetWaitingForInputEnabled(Boolean)
Naninovel.<<SampleObjectTriggers>g__ActivateInputDelayed|43_0>d:MoveNext()
Naninovel.Async.CompilerServices.MoveNextRunner`1:Run()
Naninovel.Async.Internal.ReusablePromise`1:TryInvokeContinuation()
Naninovel.Async.Internal.ReusablePromise`1:TrySetResult(T)
Naninovel.DelayFramePromise:MoveNext()
Naninovel.Async.Internal.PlayerLoopRunner:RunCore()

'EmaLayeredPrefab' layered actor composition group 'Angle01/Facial/Eyes' not found.
UnityEngine.DebugLogHandler:Internal_Log(LogType, LogOption, String, Object)
UnityEngine.DebugLogHandler:LogFormat(LogType, Object, String, Object[])
UnityEngine.Logger:Log(LogType, Object)
UnityEngine.Debug:LogWarning(Object)
Naninovel.LayeredActorBehaviour:<ApplyComposition>g__ForEachLayer|39_3(Func`2, Action`1, String)
Naninovel.LayeredActorBehaviour:<ApplyComposition>g__ApplyExpression|39_1(String)
Naninovel.LayeredActorBehaviour:<ApplyComposition>g__SplitAndApplyExpressions|39_0(String)
Naninovel.LayeredActorBehaviour:ApplyComposition(String)
Naninovel.<ChangeAppearance>d__23:MoveNext()
Naninovel.Async.CompilerServices.AsyncUniTaskMethodBuilder`1:Start(TStateMachine&)
Naninovel.LayeredActor`2:ChangeAppearance(String, Tween, Nullable`1, AsyncToken)
GigaCreation.NaninovelExtender.ExtendedActors.<ApplyAppearanceModification>d__16:MoveNext()
Naninovel.Async.CompilerServices.AsyncUniTaskMethodBuilder`1:Start(TStateMachine&)
GigaCreation.NaninovelExtender.ExtendedActors.ModifyCharacterExtended:ApplyAppearanceModification(ICharacterActor, Tween, AsyncToken)
Naninovel.Commands.<ApplyModifications>d__60:MoveNext()
Naninovel.Async.CompilerServices.AsyncUniTaskMethodBuilder`1:Start(TStateMachine&)
Naninovel.Commands.ModifyActor`5:ApplyModifications(TActor, EasingType, AsyncToken)
Naninovel.Commands.<ApplyModifications>d__15:MoveNext()
Naninovel.Async.CompilerServices.AsyncUniTaskMethodBuilder`1:Start(TStateMachine&)
Naninovel.Commands.ModifyCharacter:ApplyModifications(ICharacterActor, EasingType, AsyncToken)
GigaCreation.NaninovelExtender.ExtendedActors.<Modify>d__15:MoveNext()
Naninovel.Async.CompilerServices.AsyncUniTaskMethodBuilder`1:Start(TStateMachine&)
GigaCreation.NaninovelExtender.ExtendedActors.ModifyCharacterExtended:Modify(AsyncToken)
Naninovel.<WaitOrForget>d__35:MoveNext()
Naninovel.Async.CompilerServices.AsyncUniTaskMethodBuilder`1:Start(TStateMachine&)
Naninovel.Command:WaitOrForget(Func`2, BooleanParameter, AsyncToken)
Naninovel.Commands.<Execute>d__58:MoveNext()
Naninovel.Async.CompilerServices.AsyncUniTaskMethodBuilder`1:Start(TStateMachine&)
Naninovel.Commands.ModifyActor`5:Execute(AsyncToken)
Naninovel.<ExecuteIgnoringCancellation>d__125:MoveNext()
Naninovel.Async.CompilerServices.AsyncUniTaskMethodBuilder`1:Start(TStateMachine&)
Naninovel.ScriptPlayer:ExecuteIgnoringCancellation(Command, AsyncToken)
Naninovel.<ExecutePlayedCommand>d__124:MoveNext()
Naninovel.Async.CompilerServices.AsyncUniTaskMethodBuilder`1:Start(TStateMachine&)
Naninovel.ScriptPlayer:ExecutePlayedCommand(AsyncToken)
Naninovel.<PlayRoutine>d__126:MoveNext()
Naninovel.Async.CompilerServices.MoveNextRunner`1:Run()
Naninovel.<WaitForWaitForInputDisabled>d__122:MoveNext()
Naninovel.Async.CompilerServices.MoveNextRunner`1:Run()
Naninovel.ScriptPlayer:SetWaitingForInputEnabled(Boolean)
Naninovel.<<SampleObjectTriggers>g__ActivateInputDelayed|43_0>d:MoveNext()
Naninovel.Async.CompilerServices.MoveNextRunner`1:Run()
Naninovel.Async.Internal.ReusablePromise`1:TryInvokeContinuation()
Naninovel.Async.Internal.ReusablePromise`1:TrySetResult(T)
Naninovel.DelayFramePromise:MoveNext()
Naninovel.Async.Internal.PlayerLoopRunner:RunCore()

Adding null Transform to TransformAccessArray will result in degraded performance.
UnityEngine.U2D.Animation.TransformAccessJob:UpdateTransformIndex()
UnityEngine.U2D.Animation.BaseDeformationSystem:PrepareDataForDeformation(JobHandle&, JobHandle&)
UnityEngine.U2D.Animation.GpuDeformationSystem:Update()
UnityEngine.U2D.Animation.DeformationManagerUpdater:LateUpdate()

[ line -2026904872]

Adding null Transform to TransformAccessArray will result in degraded performance.
UnityEngine.U2D.Animation.TransformAccessJob:UpdateTransformIndex()
UnityEngine.U2D.Animation.BaseDeformationSystem:PrepareDataForDeformation(JobHandle&, JobHandle&)
UnityEngine.U2D.Animation.GpuDeformationSystem:Update()
UnityEngine.U2D.Animation.DeformationManagerUpdater:LateUpdate()

[ line -2026904872]

Adding null Transform to TransformAccessArray will result in degraded performance.
UnityEngine.U2D.Animation.TransformAccessJob:UpdateTransformIndex()
UnityEngine.U2D.Animation.BaseDeformationSystem:PrepareDataForDeformation(JobHandle&, JobHandle&)
UnityEngine.U2D.Animation.GpuDeformationSystem:Update()
UnityEngine.U2D.Animation.DeformationManagerUpdater:LateUpdate()

[ line -2026904872]

Adding null Transform to TransformAccessArray will result in degraded performance.
UnityEngine.U2D.Animation.TransformAccessJob:UpdateTransformIndex()
UnityEngine.U2D.Animation.BaseDeformationSystem:PrepareDataForDeformation(JobHandle&, JobHandle&)
UnityEngine.U2D.Animation.GpuDeformationSystem:Update()
UnityEngine.U2D.Animation.DeformationManagerUpdater:LateUpdate()

[ line -2026904872]

Adding null Transform to TransformAccessArray will result in degraded performance.
UnityEngine.U2D.Animation.TransformAccessJob:UpdateTransformIndex()
UnityEngine.U2D.Animation.BaseDeformationSystem:PrepareDataForDeformation(JobHandle&, JobHandle&)
UnityEngine.U2D.Animation.GpuDeformationSystem:Update()
UnityEngine.U2D.Animation.DeformationManagerUpdater:LateUpdate()

[ line -2026904872]

Adding null Transform to TransformAccessArray will result in degraded performance.
UnityEngine.U2D.Animation.TransformAccessJob:UpdateTransformIndex()
UnityEngine.U2D.Animation.BaseDeformationSystem:PrepareDataForDeformation(JobHandle&, JobHandle&)
UnityEngine.U2D.Animation.GpuDeformationSystem:Update()
UnityEngine.U2D.Animation.DeformationManagerUpdater:LateUpdate()

[ line -2026904872]

Adding null Transform to TransformAccessArray will result in degraded performance.
UnityEngine.U2D.Animation.TransformAccessJob:UpdateTransformIndex()
UnityEngine.U2D.Animation.BaseDeformationSystem:PrepareDataForDeformation(JobHandle&, JobHandle&)
UnityEngine.U2D.Animation.GpuDeformationSystem:Update()
UnityEngine.U2D.Animation.DeformationManagerUpdater:LateUpdate()

[ line -2026904872]

Adding null Transform to TransformAccessArray will result in degraded performance.
UnityEngine.U2D.Animation.TransformAccessJob:UpdateTransformIndex()
UnityEngine.U2D.Animation.BaseDeformationSystem:PrepareDataForDeformation(JobHandle&, JobHandle&)
UnityEngine.U2D.Animation.GpuDeformationSystem:Update()
UnityEngine.U2D.Animation.DeformationManagerUpdater:LateUpdate()

[ line -2026904872]

Adding null Transform to TransformAccessArray will result in degraded performance.
UnityEngine.U2D.Animation.TransformAccessJob:UpdateTransformIndex()
UnityEngine.U2D.Animation.BaseDeformationSystem:PrepareDataForDeformation(JobHandle&, JobHandle&)
UnityEngine.U2D.Animation.GpuDeformationSystem:Update()
UnityEngine.U2D.Animation.DeformationManagerUpdater:LateUpdate()

[ line -2026904872]

Adding null Transform to TransformAccessArray will result in degraded performance.
UnityEngine.U2D.Animation.TransformAccessJob:UpdateTransformIndex()
UnityEngine.U2D.Animation.BaseDeformationSystem:PrepareDataForDeformation(JobHandle&, JobHandle&)
UnityEngine.U2D.Animation.GpuDeformationSystem:Update()
UnityEngine.U2D.Animation.DeformationManagerUpdater:LateUpdate()

[ line -2026904872]

Adding null Transform to TransformAccessArray will result in degraded performance.
UnityEngine.U2D.Animation.TransformAccessJob:UpdateTransformIndex()
UnityEngine.U2D.Animation.BaseDeformationSystem:PrepareDataForDeformation(JobHandle&, JobHandle&)
UnityEngine.U2D.Animation.GpuDeformationSystem:Update()
UnityEngine.U2D.Animation.DeformationManagerUpdater:LateUpdate()

[ line -2026904872]

Adding null Transform to TransformAccessArray will result in degraded performance.
UnityEngine.U2D.Animation.TransformAccessJob:UpdateTransformIndex()
UnityEngine.U2D.Animation.BaseDeformationSystem:PrepareDataForDeformation(JobHandle&, JobHandle&)
UnityEngine.U2D.Animation.GpuDeformationSystem:Update()
UnityEngine.U2D.Animation.DeformationManagerUpdater:LateUpdate()

[ line -2026904872]

Adding null Transform to TransformAccessArray will result in degraded performance.
UnityEngine.U2D.Animation.TransformAccessJob:UpdateTransformIndex()
UnityEngine.U2D.Animation.BaseDeformationSystem:PrepareDataForDeformation(JobHandle&, JobHandle&)
UnityEngine.U2D.Animation.GpuDeformationSystem:Update()
UnityEngine.U2D.Animation.DeformationManagerUpdater:LateUpdate()

[ line -2026904872]

Adding null Transform to TransformAccessArray will result in degraded performance.
UnityEngine.U2D.Animation.TransformAccessJob:UpdateTransformIndex()
UnityEngine.U2D.Animation.BaseDeformationSystem:PrepareDataForDeformation(JobHandle&, JobHandle&)
UnityEngine.U2D.Animation.GpuDeformationSystem:Update()
UnityEngine.U2D.Animation.DeformationManagerUpdater:LateUpdate()

[ line -2026904872]

Adding null Transform to TransformAccessArray will result in degraded performance.
UnityEngine.U2D.Animation.TransformAccessJob:UpdateTransformIndex()
UnityEngine.U2D.Animation.BaseDeformationSystem:PrepareDataForDeformation(JobHandle&, JobHandle&)
UnityEngine.U2D.Animation.GpuDeformationSystem:Update()
UnityEngine.U2D.Animation.DeformationManagerUpdater:LateUpdate()

[ line -2026904872]

Adding null Transform to TransformAccessArray will result in degraded performance.
UnityEngine.U2D.Animation.TransformAccessJob:UpdateTransformIndex()
UnityEngine.U2D.Animation.BaseDeformationSystem:PrepareDataForDeformation(JobHandle&, JobHandle&)
UnityEngine.U2D.Animation.GpuDeformationSystem:Update()
UnityEngine.U2D.Animation.DeformationManagerUpdater:LateUpdate()

[ line -2026904872]

Adding null Transform to TransformAccessArray will result in degraded performance.
UnityEngine.U2D.Animation.TransformAccessJob:UpdateTransformIndex()
UnityEngine.U2D.Animation.BaseDeformationSystem:PrepareDataForDeformation(JobHandle&, JobHandle&)
UnityEngine.U2D.Animation.GpuDeformationSystem:Update()
UnityEngine.U2D.Animation.DeformationManagerUpdater:LateUpdate()

[ line -2026904872]

Adding null Transform to TransformAccessArray will result in degraded performance.
UnityEngine.U2D.Animation.TransformAccessJob:UpdateTransformIndex()
UnityEngine.U2D.Animation.BaseDeformationSystem:PrepareDataForDeformation(JobHandle&, JobHandle&)
UnityEngine.U2D.Animation.GpuDeformationSystem:Update()
UnityEngine.U2D.Animation.DeformationManagerUpdater:LateUpdate()

[ line -2026904872]

Adding null Transform to TransformAccessArray will result in degraded performance.
UnityEngine.U2D.Animation.TransformAccessJob:UpdateTransformIndex()
UnityEngine.U2D.Animation.BaseDeformationSystem:PrepareDataForDeformation(JobHandle&, JobHandle&)
UnityEngine.U2D.Animation.GpuDeformationSystem:Update()
UnityEngine.U2D.Animation.DeformationManagerUpdater:LateUpdate()

[ line -2026904872]

Adding null Transform to TransformAccessArray will result in degraded performance.
UnityEngine.U2D.Animation.TransformAccessJob:UpdateTransformIndex()
UnityEngine.U2D.Animation.BaseDeformationSystem:PrepareDataForDeformation(JobHandle&, JobHandle&)
UnityEngine.U2D.Animation.GpuDeformationSystem:Update()
UnityEngine.U2D.Animation.DeformationManagerUpdater:LateUpdate()

[ line -2026904872]

Adding null Transform to TransformAccessArray will result in degraded performance.
UnityEngine.U2D.Animation.TransformAccessJob:UpdateTransformIndex()
UnityEngine.U2D.Animation.BaseDeformationSystem:PrepareDataForDeformation(JobHandle&, JobHandle&)
UnityEngine.U2D.Animation.GpuDeformationSystem:Update()
UnityEngine.U2D.Animation.DeformationManagerUpdater:LateUpdate()

[ line -2026904872]

Adding null Transform to TransformAccessArray will result in degraded performance.
UnityEngine.U2D.Animation.TransformAccessJob:UpdateTransformIndex()
UnityEngine.U2D.Animation.BaseDeformationSystem:PrepareDataForDeformation(JobHandle&, JobHandle&)
UnityEngine.U2D.Animation.GpuDeformationSystem:Update()
UnityEngine.U2D.Animation.DeformationManagerUpdater:LateUpdate()

[ line -2026904872]

Adding null Transform to TransformAccessArray will result in degraded performance.
UnityEngine.U2D.Animation.TransformAccessJob:UpdateTransformIndex()
UnityEngine.U2D.Animation.BaseDeformationSystem:PrepareDataForDeformation(JobHandle&, JobHandle&)
UnityEngine.U2D.Animation.GpuDeformationSystem:Update()
UnityEngine.U2D.Animation.DeformationManagerUpdater:LateUpdate()

[ line -2026904872]

Adding null Transform to TransformAccessArray will result in degraded performance.
UnityEngine.U2D.Animation.TransformAccessJob:UpdateTransformIndex()
UnityEngine.U2D.Animation.BaseDeformationSystem:PrepareDataForDeformation(JobHandle&, JobHandle&)
UnityEngine.U2D.Animation.GpuDeformationSystem:Update()
UnityEngine.U2D.Animation.DeformationManagerUpdater:LateUpdate()

[ line -2026904872]

Adding null Transform to TransformAccessArray will result in degraded performance.
UnityEngine.U2D.Animation.TransformAccessJob:UpdateTransformIndex()
UnityEngine.U2D.Animation.BaseDeformationSystem:PrepareDataForDeformation(JobHandle&, JobHandle&)
UnityEngine.U2D.Animation.GpuDeformationSystem:Update()
UnityEngine.U2D.Animation.DeformationManagerUpdater:LateUpdate()

[ line -2026904872]

Adding null Transform to TransformAccessArray will result in degraded performance.
UnityEngine.U2D.Animation.TransformAccessJob:UpdateTransformIndex()
UnityEngine.U2D.Animation.BaseDeformationSystem:PrepareDataForDeformation(JobHandle&, JobHandle&)
UnityEngine.U2D.Animation.GpuDeformationSystem:Update()
UnityEngine.U2D.Animation.DeformationManagerUpdater:LateUpdate()

[ line -2026904872]

Adding null Transform to TransformAccessArray will result in degraded performance.
UnityEngine.U2D.Animation.TransformAccessJob:UpdateTransformIndex()
UnityEngine.U2D.Animation.BaseDeformationSystem:PrepareDataForDeformation(JobHandle&, JobHandle&)
UnityEngine.U2D.Animation.GpuDeformationSystem:Update()
UnityEngine.U2D.Animation.DeformationManagerUpdater:LateUpdate()

[ line -2026904872]

Adding null Transform to TransformAccessArray will result in degraded performance.
UnityEngine.U2D.Animation.TransformAccessJob:UpdateTransformIndex()
UnityEngine.U2D.Animation.BaseDeformationSystem:PrepareDataForDeformation(JobHandle&, JobHandle&)
UnityEngine.U2D.Animation.GpuDeformationSystem:Update()
UnityEngine.U2D.Animation.DeformationManagerUpdater:LateUpdate()

[ line -2026904872]

Adding null Transform to TransformAccessArray will result in degraded performance.
UnityEngine.U2D.Animation.TransformAccessJob:UpdateTransformIndex()
UnityEngine.U2D.Animation.BaseDeformationSystem:PrepareDataForDeformation(JobHandle&, JobHandle&)
UnityEngine.U2D.Animation.GpuDeformationSystem:Update()
UnityEngine.U2D.Animation.DeformationManagerUpdater:LateUpdate()

[ line -2026904872]

Adding null Transform to TransformAccessArray will result in degraded performance.
UnityEngine.U2D.Animation.TransformAccessJob:UpdateTransformIndex()
UnityEngine.U2D.Animation.BaseDeformationSystem:PrepareDataForDeformation(JobHandle&, JobHandle&)
UnityEngine.U2D.Animation.GpuDeformationSystem:Update()
UnityEngine.U2D.Animation.DeformationManagerUpdater:LateUpdate()

[ line -2026904872]

Adding null Transform to TransformAccessArray will result in degraded performance.
UnityEngine.U2D.Animation.TransformAccessJob:UpdateTransformIndex()
UnityEngine.U2D.Animation.BaseDeformationSystem:PrepareDataForDeformation(JobHandle&, JobHandle&)
UnityEngine.U2D.Animation.GpuDeformationSystem:Update()
UnityEngine.U2D.Animation.DeformationManagerUpdater:LateUpdate()

[ line -2026904872]

Adding null Transform to TransformAccessArray will result in degraded performance.
UnityEngine.U2D.Animation.TransformAccessJob:UpdateTransformIndex()
UnityEngine.U2D.Animation.BaseDeformationSystem:PrepareDataForDeformation(JobHandle&, JobHandle&)
UnityEngine.U2D.Animation.GpuDeformationSystem:Update()
UnityEngine.U2D.Animation.DeformationManagerUpdater:LateUpdate()

[ line -2026904872]

Adding null Transform to TransformAccessArray will result in degraded performance.
UnityEngine.U2D.Animation.TransformAccessJob:UpdateTransformIndex()
UnityEngine.U2D.Animation.BaseDeformationSystem:PrepareDataForDeformation(JobHandle&, JobHandle&)
UnityEngine.U2D.Animation.GpuDeformationSystem:Update()
UnityEngine.U2D.Animation.DeformationManagerUpdater:LateUpdate()

[ line -2026904872]

Adding null Transform to TransformAccessArray will result in degraded performance.
UnityEngine.U2D.Animation.TransformAccessJob:UpdateTransformIndex()
UnityEngine.U2D.Animation.BaseDeformationSystem:PrepareDataForDeformation(JobHandle&, JobHandle&)
UnityEngine.U2D.Animation.GpuDeformationSystem:Update()
UnityEngine.U2D.Animation.DeformationManagerUpdater:LateUpdate()

[ line -2026904872]

Adding null Transform to TransformAccessArray will result in degraded performance.
UnityEngine.U2D.Animation.TransformAccessJob:UpdateTransformIndex()
UnityEngine.U2D.Animation.BaseDeformationSystem:PrepareDataForDeformation(JobHandle&, JobHandle&)
UnityEngine.U2D.Animation.GpuDeformationSystem:Update()
UnityEngine.U2D.Animation.DeformationManagerUpdater:LateUpdate()

[ line -2026904872]

Adding null Transform to TransformAccessArray will result in degraded performance.
UnityEngine.U2D.Animation.TransformAccessJob:UpdateTransformIndex()
UnityEngine.U2D.Animation.BaseDeformationSystem:PrepareDataForDeformation(JobHandle&, JobHandle&)
UnityEngine.U2D.Animation.GpuDeformationSystem:Update()
UnityEngine.U2D.Animation.DeformationManagerUpdater:LateUpdate()

[ line -2026904872]

[Physics::Module] Cleanup current backned.
[Physics::Module] Id: 0xf2b8ea05
Input System module state changed to: ShutdownInProgress.
Input System polling thread exited.
Input System module state changed to: Shutdown.
Internal: There are remaining Allocations on the JobTempAlloc. This is a leak, and will impact performance
To Debug, run app with -diag-job-temp-memory-leak-validation cmd line argument. This will output the callstacks of the leaked allocations.
